# JRE version: OpenJDK Runtime Environment JBR-17.0.8+7-1000.8-nomod (17.0.8+7) (build 17.0.8+7-b1000.8)
# Java VM: OpenJDK 64-Bit Server VM JBR-17.0.8+7-1000.8-nomod (17.0.8+7-b1000.8, mixed mode, tiered, compressed oops, compressed class ptrs, g1 gc, windows-amd64)
GC Precious Log:
 CPUs: 8 total, 8 available
 Memory: 12248M
 Large Page Support: Disabled
 NUMA Support: Disabled
 Compressed Oops: Enabled (Zero based)
 Heap Region Size: 2M
 Heap Min Capacity: 8M
 Heap Initial Capacity: 192M
 Heap Max Capacity: 3064M
 Pre-touch: Disabled
 Parallel Workers: 8
 Concurrent Workers: 2
 Concurrent Refinement Workers: 8
 Periodic GC: Disabled
Heap:
 garbage-first heap   total 376832K, used 223910K [0x0000000740800000, 0x0000000800000000)
  region size 2048K, 18 young (36864K), 6 survivors (12288K)
 Metaspace       used 89972K, committed 90368K, reserved 1179648K
  class space    used 9665K, committed 9856K, reserved 1048576K
GC Heap History (20 events):
Event: 18.403 GC heap before
{Heap before GC invocations=27 (full 0):
 garbage-first heap   total 184320K, used 101773K [0x0000000740800000, 0x0000000800000000)
  region size 2048K, 4 young (8192K), 3 survivors (6144K)
 Metaspace       used 69011K, committed 69312K, reserved 1114112K
  class space    used 7724K, committed 7872K, reserved 1048576K
}
Event: 18.428 GC heap after
{Heap after GC invocations=28 (full 0):
 garbage-first heap   total 184320K, used 98658K [0x0000000740800000, 0x0000000800000000)
  region size 2048K, 1 young (2048K), 1 survivors (2048K)
 Metaspace       used 69011K, committed 69312K, reserved 1114112K
  class space    used 7724K, committed 7872K, reserved 1048576K
}
Event: 19.386 GC heap before
{Heap before GC invocations=28 (full 0):
 garbage-first heap   total 184320K, used 151906K [0x0000000740800000, 0x0000000800000000)
  region size 2048K, 27 young (55296K), 1 survivors (2048K)
 Metaspace       used 69133K, committed 69440K, reserved 1114112K
  class space    used 7725K, committed 7872K, reserved 1048576K
}
Event: 19.391 GC heap after
{Heap after GC invocations=29 (full 0):
 garbage-first heap   total 184320K, used 101570K [0x0000000740800000, 0x0000000800000000)
  region size 2048K, 2 young (4096K), 2 survivors (4096K)
 Metaspace       used 69133K, committed 69440K, reserved 1114112K
  class space    used 7725K, committed 7872K, reserved 1048576K
}
Event: 20.040 GC heap before
{Heap before GC invocations=30 (full 0):
 garbage-first heap   total 184320K, used 152770K [0x0000000740800000, 0x0000000800000000)
  region size 2048K, 27 young (55296K), 2 survivors (4096K)
 Metaspace       used 69731K, committed 70080K, reserved 1114112K
  class space    used 7763K, committed 7936K, reserved 1048576K
}
Event: 20.049 GC heap after
{Heap after GC invocations=31 (full 0):
 garbage-first heap   total 184320K, used 103343K [0x0000000740800000, 0x0000000800000000)
  region size 2048K, 3 young (6144K), 3 survivors (6144K)
 Metaspace       used 69731K, committed 70080K, reserved 1114112K
  class space    used 7763K, committed 7936K, reserved 1048576K
}
Event: 20.069 GC heap before
{Heap before GC invocations=31 (full 0):
 garbage-first heap   total 184320K, used 105391K [0x0000000740800000, 0x0000000800000000)
  region size 2048K, 4 young (8192K), 3 survivors (6144K)
 Metaspace       used 69733K, committed 70080K, reserved 1114112K
  class space    used 7763K, committed 7936K, reserved 1048576K
}
Event: 20.086 GC heap after
{Heap after GC invocations=32 (full 0):
 garbage-first heap   total 184320K, used 103269K [0x0000000740800000, 0x0000000800000000)
  region size 2048K, 1 young (2048K), 1 survivors (2048K)
 Metaspace       used 69733K, committed 70080K, reserved 1114112K
  class space    used 7763K, committed 7936K, reserved 1048576K
}
Event: 20.566 GC heap before
{Heap before GC invocations=32 (full 0):
 garbage-first heap   total 184320K, used 152421K [0x0000000740800000, 0x0000000800000000)
  region size 2048K, 25 young (51200K), 1 survivors (2048K)
 Metaspace       used 69969K, committed 70272K, reserved 1114112K
  class space    used 7776K, committed 7936K, reserved 1048576K
}
Event: 20.571 GC heap after
{Heap after GC invocations=33 (full 0):
 garbage-first heap   total 475136K, used 104887K [0x0000000740800000, 0x0000000800000000)
  region size 2048K, 2 young (4096K), 2 survivors (4096K)
 Metaspace       used 69969K, committed 70272K, reserved 1114112K
  class space    used 7776K, committed 7936K, reserved 1048576K
}
Event: 23.838 GC heap before
{Heap before GC invocations=34 (full 0):
 garbage-first heap   total 376832K, used 326071K [0x0000000740800000, 0x0000000800000000)
  region size 2048K, 110 young (225280K), 2 survivors (4096K)
 Metaspace       used 78879K, committed 79232K, reserved 1179648K
  class space    used 8634K, committed 8768K, reserved 1048576K
}
Event: 23.867 GC heap after
{Heap after GC invocations=35 (full 0):
 garbage-first heap   total 376832K, used 145464K [0x0000000740800000, 0x0000000800000000)
  region size 2048K, 14 young (28672K), 14 survivors (28672K)
 Metaspace       used 78879K, committed 79232K, reserved 1179648K
  class space    used 8634K, committed 8768K, reserved 1048576K
}
Event: 23.904 GC heap before
{Heap before GC invocations=35 (full 0):
 garbage-first heap   total 376832K, used 147512K [0x0000000740800000, 0x0000000800000000)
  region size 2048K, 15 young (30720K), 14 survivors (28672K)
 Metaspace       used 78890K, committed 79232K, reserved 1179648K
  class space    used 8634K, committed 8768K, reserved 1048576K
}
Event: 23.926 GC heap after
{Heap after GC invocations=36 (full 0):
 garbage-first heap   total 376832K, used 150125K [0x0000000740800000, 0x0000000800000000)
  region size 2048K, 2 young (4096K), 2 survivors (4096K)
 Metaspace       used 78890K, committed 79232K, reserved 1179648K
  class space    used 8634K, committed 8768K, reserved 1048576K
}
Event: 25.595 GC heap before
{Heap before GC invocations=36 (full 0):
 garbage-first heap   total 376832K, used 283245K [0x0000000740800000, 0x0000000800000000)
  region size 2048K, 67 young (137216K), 2 survivors (4096K)
 Metaspace       used 80069K, committed 80448K, reserved 1179648K
  class space    used 8722K, committed 8896K, reserved 1048576K
}
Event: 25.618 GC heap after
{Heap after GC invocations=37 (full 0):
 garbage-first heap   total 376832K, used 188541K [0x0000000740800000, 0x0000000800000000)
  region size 2048K, 9 young (18432K), 9 survivors (18432K)
 Metaspace       used 80069K, committed 80448K, reserved 1179648K
  class space    used 8722K, committed 8896K, reserved 1048576K
}
Event: 27.352 GC heap before
{Heap before GC invocations=37 (full 0):
 garbage-first heap   total 376832K, used 284797K [0x0000000740800000, 0x0000000800000000)
  region size 2048K, 56 young (114688K), 9 survivors (18432K)
 Metaspace       used 88763K, committed 89152K, reserved 1179648K
  class space    used 9623K, committed 9856K, reserved 1048576K
}
Event: 27.368 GC heap after
{Heap after GC invocations=38 (full 0):
 garbage-first heap   total 376832K, used 197833K [0x0000000740800000, 0x0000000800000000)
  region size 2048K, 4 young (8192K), 4 survivors (8192K)
 Metaspace       used 88763K, committed 89152K, reserved 1179648K
  class space    used 9623K, committed 9856K, reserved 1048576K
}
Event: 28.645 GC heap before
{Heap before GC invocations=38 (full 0):
 garbage-first heap   total 376832K, used 294089K [0x0000000740800000, 0x0000000800000000)
  region size 2048K, 51 young (104448K), 4 survivors (8192K)
 Metaspace       used 89805K, committed 90240K, reserved 1179648K
  class space    used 9651K, committed 9856K, reserved 1048576K
}
Event: 28.658 GC heap after
{Heap after GC invocations=39 (full 0):
 garbage-first heap   total 376832K, used 201382K [0x0000000740800000, 0x0000000800000000)
  region size 2048K, 6 young (12288K), 6 survivors (12288K)
 Metaspace       used 89805K, committed 90240K, reserved 1179648K
  class space    used 9651K, committed 9856K, reserved 1048576K
}

