# JRE version: OpenJDK Runtime Environment JBR-17.0.8+7-1000.8-nomod (17.0.8+7) (build 17.0.8+7-b1000.8)
# Java VM: OpenJDK 64-Bit Server VM JBR-17.0.8+7-1000.8-nomod (17.0.8+7-b1000.8, mixed mode, tiered, compressed oops, compressed class ptrs, g1 gc, windows-amd64)
GC Precious Log:
 CPUs: 8 total, 8 available
 Memory: 12248M
 Large Page Support: Disabled
 NUMA Support: Disabled
 Compressed Oops: Enabled (32-bit)
 Heap Region Size: 1M
 Heap Min Capacity: 8M
 Heap Initial Capacity: 192M
 Heap Max Capacity: 2G
 Pre-touch: Disabled
 Parallel Workers: 8
 Concurrent Workers: 2
 Concurrent Refinement Workers: 8
 Periodic GC: Disabled
Heap:
 garbage-first heap   total 423936K, used 278952K [0x0000000080000000, 0x0000000100000000)
  region size 1024K, 97 young (99328K), 5 survivors (5120K)
 Metaspace       used 129058K, committed 130176K, reserved 1179648K
  class space    used 17482K, committed 17984K, reserved 1048576K
GC Heap History (20 events):
Event: 97.398 GC heap before
{Heap before GC invocations=49 (full 0):
 garbage-first heap   total 353280K, used 334192K [0x0000000080000000, 0x0000000100000000)
  region size 1024K, 121 young (123904K), 5 survivors (5120K)
 Metaspace       used 126126K, committed 126976K, reserved 1179648K
  class space    used 17257K, committed 17664K, reserved 1048576K
}
Event: 97.407 GC heap after
{Heap after GC invocations=50 (full 0):
 garbage-first heap   total 353280K, used 168870K [0x0000000080000000, 0x0000000100000000)
  region size 1024K, 9 young (9216K), 9 survivors (9216K)
 Metaspace       used 126126K, committed 126976K, reserved 1179648K
  class space    used 17257K, committed 17664K, reserved 1048576K
}
Event: 463.397 GC heap before
{Heap before GC invocations=50 (full 0):
 garbage-first heap   total 353280K, used 177062K [0x0000000080000000, 0x0000000100000000)
  region size 1024K, 17 young (17408K), 9 survivors (9216K)
 Metaspace       used 126281K, committed 127104K, reserved 1179648K
  class space    used 17260K, committed 17664K, reserved 1048576K
}
Event: 463.406 GC heap after
{Heap after GC invocations=51 (full 0):
 garbage-first heap   total 353280K, used 167606K [0x0000000080000000, 0x0000000100000000)
  region size 1024K, 2 young (2048K), 2 survivors (2048K)
 Metaspace       used 126281K, committed 127104K, reserved 1179648K
  class space    used 17260K, committed 17664K, reserved 1048576K
}
Event: 1013.946 GC heap before
{Heap before GC invocations=51 (full 0):
 garbage-first heap   total 353280K, used 292534K [0x0000000080000000, 0x0000000100000000)
  region size 1024K, 125 young (128000K), 2 survivors (2048K)
 Metaspace       used 127036K, committed 127936K, reserved 1179648K
  class space    used 17299K, committed 17728K, reserved 1048576K
}
Event: 1013.957 GC heap after
{Heap after GC invocations=52 (full 0):
 garbage-first heap   total 353280K, used 178781K [0x0000000080000000, 0x0000000100000000)
  region size 1024K, 13 young (13312K), 13 survivors (13312K)
 Metaspace       used 127036K, committed 127936K, reserved 1179648K
  class space    used 17299K, committed 17728K, reserved 1048576K
}
Event: 1195.599 GC heap before
{Heap before GC invocations=52 (full 0):
 garbage-first heap   total 353280K, used 289373K [0x0000000080000000, 0x0000000100000000)
  region size 1024K, 122 young (124928K), 13 survivors (13312K)
 Metaspace       used 127621K, committed 128576K, reserved 1179648K
  class space    used 17370K, committed 17792K, reserved 1048576K
}
Event: 1195.602 GC heap after
{Heap after GC invocations=53 (full 0):
 garbage-first heap   total 353280K, used 170731K [0x0000000080000000, 0x0000000100000000)
  region size 1024K, 3 young (3072K), 3 survivors (3072K)
 Metaspace       used 127621K, committed 128576K, reserved 1179648K
  class space    used 17370K, committed 17792K, reserved 1048576K
}
Event: 1198.779 GC heap before
{Heap before GC invocations=54 (full 0):
 garbage-first heap   total 353280K, used 294635K [0x0000000080000000, 0x0000000100000000)
  region size 1024K, 124 young (126976K), 3 survivors (3072K)
 Metaspace       used 128014K, committed 128960K, reserved 1179648K
  class space    used 17399K, committed 17856K, reserved 1048576K
}
Event: 1198.790 GC heap after
{Heap after GC invocations=55 (full 0):
 garbage-first heap   total 353280K, used 182922K [0x0000000080000000, 0x0000000100000000)
  region size 1024K, 15 young (15360K), 15 survivors (15360K)
 Metaspace       used 128014K, committed 128960K, reserved 1179648K
  class space    used 17399K, committed 17856K, reserved 1048576K
}
Event: 1198.807 GC heap before
{Heap before GC invocations=55 (full 0):
 garbage-first heap   total 353280K, used 184970K [0x0000000080000000, 0x0000000100000000)
  region size 1024K, 17 young (17408K), 15 survivors (15360K)
 Metaspace       used 128016K, committed 128960K, reserved 1179648K
  class space    used 17399K, committed 17856K, reserved 1048576K
}
Event: 1198.836 GC heap after
{Heap after GC invocations=56 (full 0):
 garbage-first heap   total 353280K, used 164181K [0x0000000080000000, 0x0000000100000000)
  region size 1024K, 2 young (2048K), 2 survivors (2048K)
 Metaspace       used 128016K, committed 128960K, reserved 1179648K
  class space    used 17399K, committed 17856K, reserved 1048576K
}
Event: 1210.368 GC heap before
{Heap before GC invocations=56 (full 0):
 garbage-first heap   total 353280K, used 287061K [0x0000000080000000, 0x0000000100000000)
  region size 1024K, 123 young (125952K), 2 survivors (2048K)
 Metaspace       used 128561K, committed 129664K, reserved 1179648K
  class space    used 17474K, committed 17984K, reserved 1048576K
}
Event: 1210.374 GC heap after
{Heap after GC invocations=57 (full 0):
 garbage-first heap   total 353280K, used 170149K [0x0000000080000000, 0x0000000100000000)
  region size 1024K, 8 young (8192K), 8 survivors (8192K)
 Metaspace       used 128561K, committed 129664K, reserved 1179648K
  class space    used 17474K, committed 17984K, reserved 1048576K
}
Event: 1211.039 GC heap before
{Heap before GC invocations=58 (full 0):
 garbage-first heap   total 353280K, used 290981K [0x0000000080000000, 0x0000000100000000)
  region size 1024K, 125 young (128000K), 8 survivors (8192K)
 Metaspace       used 128712K, committed 129792K, reserved 1179648K
  class space    used 17479K, committed 17984K, reserved 1048576K
}
Event: 1211.051 GC heap after
{Heap after GC invocations=59 (full 0):
 garbage-first heap   total 353280K, used 184320K [0x0000000080000000, 0x0000000100000000)
  region size 1024K, 16 young (16384K), 16 survivors (16384K)
 Metaspace       used 128712K, committed 129792K, reserved 1179648K
  class space    used 17479K, committed 17984K, reserved 1048576K
}
Event: 1211.054 GC heap before
{Heap before GC invocations=59 (full 0):
 garbage-first heap   total 353280K, used 185344K [0x0000000080000000, 0x0000000100000000)
  region size 1024K, 17 young (17408K), 16 survivors (16384K)
 Metaspace       used 128712K, committed 129792K, reserved 1179648K
  class space    used 17479K, committed 17984K, reserved 1048576K
}
Event: 1211.066 GC heap after
{Heap after GC invocations=60 (full 0):
 garbage-first heap   total 353280K, used 183483K [0x0000000080000000, 0x0000000100000000)
  region size 1024K, 2 young (2048K), 2 survivors (2048K)
 Metaspace       used 128712K, committed 129792K, reserved 1179648K
  class space    used 17479K, committed 17984K, reserved 1048576K
}
Event: 1211.379 GC heap before
{Heap before GC invocations=60 (full 0):
 garbage-first heap   total 353280K, used 287931K [0x0000000080000000, 0x0000000100000000)
  region size 1024K, 105 young (107520K), 2 survivors (2048K)
 Metaspace       used 128747K, committed 129792K, reserved 1179648K
  class space    used 17482K, committed 17984K, reserved 1048576K
}
Event: 1211.386 GC heap after
{Heap after GC invocations=61 (full 0):
 garbage-first heap   total 423936K, used 185768K [0x0000000080000000, 0x0000000100000000)
  region size 1024K, 5 young (5120K), 5 survivors (5120K)
 Metaspace       used 128747K, committed 129792K, reserved 1179648K
  class space    used 17482K, committed 17984K, reserved 1048576K
}

