# JRE version: OpenJDK Runtime Environment JBR-17.0.8+7-1000.8-nomod (17.0.8+7) (build 17.0.8+7-b1000.8)
# Java VM: OpenJDK 64-Bit Server VM JBR-17.0.8+7-1000.8-nomod (17.0.8+7-b1000.8, mixed mode, tiered, compressed oops, compressed class ptrs, g1 gc, windows-amd64)
GC Precious Log:
 CPUs: 8 total, 8 available
 Memory: 12248M
 Large Page Support: Disabled
 NUMA Support: Disabled
 Compressed Oops: Enabled (32-bit)
 Heap Region Size: 1M
 Heap Min Capacity: 8M
 Heap Initial Capacity: 192M
 Heap Max Capacity: 2G
 Pre-touch: Disabled
 Parallel Workers: 8
 Concurrent Workers: 2
 Concurrent Refinement Workers: 8
 Periodic GC: Disabled
Heap:
 garbage-first heap   total 144384K, used 118519K [0x0000000080000000, 0x0000000100000000)
  region size 1024K, 36 young (36864K), 5 survivors (5120K)
 Metaspace       used 89250K, committed 89856K, reserved 1179648K
  class space    used 12232K, committed 12480K, reserved 1048576K
GC Heap History (20 events):
Event: 36.652 GC heap after
{Heap after GC invocations=35 (full 0):
 garbage-first heap   total 119808K, used 61079K [0x0000000080000000, 0x0000000100000000)
  region size 1024K, 4 young (4096K), 4 survivors (4096K)
 Metaspace       used 70222K, committed 70720K, reserved 1114112K
  class space    used 9240K, committed 9472K, reserved 1048576K
}
Event: 37.204 GC heap before
{Heap before GC invocations=35 (full 0):
 garbage-first heap   total 119808K, used 91799K [0x0000000080000000, 0x0000000100000000)
  region size 1024K, 34 young (34816K), 4 survivors (4096K)
 Metaspace       used 70424K, committed 70976K, reserved 1114112K
  class space    used 9279K, committed 9536K, reserved 1048576K
}
Event: 37.209 GC heap after
{Heap after GC invocations=36 (full 0):
 garbage-first heap   total 119808K, used 63967K [0x0000000080000000, 0x0000000100000000)
  region size 1024K, 5 young (5120K), 5 survivors (5120K)
 Metaspace       used 70424K, committed 70976K, reserved 1114112K
  class space    used 9279K, committed 9536K, reserved 1048576K
}
Event: 37.614 GC heap before
{Heap before GC invocations=36 (full 0):
 garbage-first heap   total 119808K, used 94687K [0x0000000080000000, 0x0000000100000000)
  region size 1024K, 35 young (35840K), 5 survivors (5120K)
 Metaspace       used 71798K, committed 72320K, reserved 1114112K
  class space    used 9434K, committed 9664K, reserved 1048576K
}
Event: 37.619 GC heap after
{Heap after GC invocations=37 (full 0):
 garbage-first heap   total 119808K, used 66265K [0x0000000080000000, 0x0000000100000000)
  region size 1024K, 3 young (3072K), 3 survivors (3072K)
 Metaspace       used 71798K, committed 72320K, reserved 1114112K
  class space    used 9434K, committed 9664K, reserved 1048576K
}
Event: 38.177 GC heap before
{Heap before GC invocations=37 (full 0):
 garbage-first heap   total 119808K, used 94937K [0x0000000080000000, 0x0000000100000000)
  region size 1024K, 31 young (31744K), 3 survivors (3072K)
 Metaspace       used 75251K, committed 75840K, reserved 1179648K
  class space    used 10107K, committed 10368K, reserved 1048576K
}
Event: 38.181 GC heap after
{Heap after GC invocations=38 (full 0):
 garbage-first heap   total 119808K, used 68284K [0x0000000080000000, 0x0000000100000000)
  region size 1024K, 2 young (2048K), 2 survivors (2048K)
 Metaspace       used 75251K, committed 75840K, reserved 1179648K
  class space    used 10107K, committed 10368K, reserved 1048576K
}
Event: 38.636 GC heap before
{Heap before GC invocations=38 (full 0):
 garbage-first heap   total 119808K, used 96956K [0x0000000080000000, 0x0000000100000000)
  region size 1024K, 30 young (30720K), 2 survivors (2048K)
 Metaspace       used 77559K, committed 78144K, reserved 1179648K
  class space    used 10448K, committed 10688K, reserved 1048576K
}
Event: 38.642 GC heap after
{Heap after GC invocations=39 (full 0):
 garbage-first heap   total 119808K, used 70583K [0x0000000080000000, 0x0000000100000000)
  region size 1024K, 4 young (4096K), 4 survivors (4096K)
 Metaspace       used 77559K, committed 78144K, reserved 1179648K
  class space    used 10448K, committed 10688K, reserved 1048576K
}
Event: 39.108 GC heap before
{Heap before GC invocations=39 (full 0):
 garbage-first heap   total 119808K, used 98231K [0x0000000080000000, 0x0000000100000000)
  region size 1024K, 31 young (31744K), 4 survivors (4096K)
 Metaspace       used 79556K, committed 80128K, reserved 1179648K
  class space    used 10759K, committed 11008K, reserved 1048576K
}
Event: 39.113 GC heap after
{Heap after GC invocations=40 (full 0):
 garbage-first heap   total 119808K, used 72960K [0x0000000080000000, 0x0000000100000000)
  region size 1024K, 3 young (3072K), 3 survivors (3072K)
 Metaspace       used 79556K, committed 80128K, reserved 1179648K
  class space    used 10759K, committed 11008K, reserved 1048576K
}
Event: 39.556 GC heap before
{Heap before GC invocations=40 (full 0):
 garbage-first heap   total 119808K, used 97536K [0x0000000080000000, 0x0000000100000000)
  region size 1024K, 28 young (28672K), 3 survivors (3072K)
 Metaspace       used 80879K, committed 81472K, reserved 1179648K
  class space    used 10938K, committed 11200K, reserved 1048576K
}
Event: 39.565 GC heap after
{Heap after GC invocations=41 (full 0):
 garbage-first heap   total 119808K, used 75216K [0x0000000080000000, 0x0000000100000000)
  region size 1024K, 4 young (4096K), 4 survivors (4096K)
 Metaspace       used 80879K, committed 81472K, reserved 1179648K
  class space    used 10938K, committed 11200K, reserved 1048576K
}
Event: 39.973 GC heap before
{Heap before GC invocations=41 (full 0):
 garbage-first heap   total 119808K, used 99792K [0x0000000080000000, 0x0000000100000000)
  region size 1024K, 28 young (28672K), 4 survivors (4096K)
 Metaspace       used 83479K, committed 84032K, reserved 1179648K
  class space    used 11355K, committed 11584K, reserved 1048576K
}
Event: 39.979 GC heap after
{Heap after GC invocations=42 (full 0):
 garbage-first heap   total 144384K, used 77495K [0x0000000080000000, 0x0000000100000000)
  region size 1024K, 3 young (3072K), 3 survivors (3072K)
 Metaspace       used 83479K, committed 84032K, reserved 1179648K
  class space    used 11355K, committed 11584K, reserved 1048576K
}
Event: 40.707 GC heap before
{Heap before GC invocations=42 (full 0):
 garbage-first heap   total 144384K, used 117431K [0x0000000080000000, 0x0000000100000000)
  region size 1024K, 42 young (43008K), 3 survivors (3072K)
 Metaspace       used 87020K, committed 87680K, reserved 1179648K
  class space    used 11820K, committed 12096K, reserved 1048576K
}
Event: 40.713 GC heap after
{Heap after GC invocations=43 (full 0):
 garbage-first heap   total 144384K, used 81059K [0x0000000080000000, 0x0000000100000000)
  region size 1024K, 6 young (6144K), 6 survivors (6144K)
 Metaspace       used 87020K, committed 87680K, reserved 1179648K
  class space    used 11820K, committed 12096K, reserved 1048576K
}
Event: 41.092 GC heap before
{Heap before GC invocations=43 (full 0):
 garbage-first heap   total 144384K, used 117923K [0x0000000080000000, 0x0000000100000000)
  region size 1024K, 42 young (43008K), 6 survivors (6144K)
 Metaspace       used 87639K, committed 88320K, reserved 1179648K
  class space    used 11900K, committed 12224K, reserved 1048576K
}
Event: 41.101 GC heap after
{Heap after GC invocations=44 (full 0):
 garbage-first heap   total 144384K, used 86775K [0x0000000080000000, 0x0000000100000000)
  region size 1024K, 6 young (6144K), 6 survivors (6144K)
 Metaspace       used 87639K, committed 88320K, reserved 1179648K
  class space    used 11900K, committed 12224K, reserved 1048576K
}
Event: 41.867 GC heap before
{Heap before GC invocations=44 (full 0):
 garbage-first heap   total 144384K, used 118519K [0x0000000080000000, 0x0000000100000000)
  region size 1024K, 37 young (37888K), 6 survivors (6144K)
 Metaspace       used 89250K, committed 89856K, reserved 1179648K
  class space    used 12232K, committed 12480K, reserved 1048576K
}

