# JRE version: OpenJDK Runtime Environment JBR-17.0.8+7-1000.8-nomod (17.0.8+7) (build 17.0.8+7-b1000.8)
# Java VM: OpenJDK 64-Bit Server VM JBR-17.0.8+7-1000.8-nomod (17.0.8+7-b1000.8, mixed mode, tiered, compressed oops, compressed class ptrs, g1 gc, windows-amd64)
GC Precious Log:
 CPUs: 8 total, 8 available
 Memory: 12248M
 Large Page Support: Disabled
 NUMA Support: Disabled
 Compressed Oops: Enabled (32-bit)
 Heap Region Size: 1M
 Heap Min Capacity: 8M
 Heap Initial Capacity: 192M
 Heap Max Capacity: 2G
 Pre-touch: Disabled
 Parallel Workers: 8
 Concurrent Workers: 2
 Concurrent Refinement Workers: 8
 Periodic GC: Disabled
Heap:
 garbage-first heap   total 150528K, used 100024K [0x0000000080000000, 0x0000000100000000)
  region size 1024K, 26 young (26624K), 5 survivors (5120K)
 Metaspace       used 86785K, committed 87424K, reserved 1179648K
  class space    used 11786K, committed 12096K, reserved 1048576K
GC Heap History (20 events):
Event: 6.431 GC heap before
{Heap before GC invocations=16 (full 0):
 garbage-first heap   total 109568K, used 73280K [0x0000000080000000, 0x0000000100000000)
  region size 1024K, 27 young (27648K), 6 survivors (6144K)
 Metaspace       used 60041K, committed 60480K, reserved 1114112K
  class space    used 7920K, committed 8128K, reserved 1048576K
}
Event: 6.434 GC heap after
{Heap after GC invocations=17 (full 0):
 garbage-first heap   total 109568K, used 53795K [0x0000000080000000, 0x0000000100000000)
  region size 1024K, 1 young (1024K), 1 survivors (1024K)
 Metaspace       used 60041K, committed 60480K, reserved 1114112K
  class space    used 7920K, committed 8128K, reserved 1048576K
}
Event: 6.696 GC heap before
{Heap before GC invocations=18 (full 0):
 garbage-first heap   total 109568K, used 67107K [0x0000000080000000, 0x0000000100000000)
  region size 1024K, 15 young (15360K), 1 survivors (1024K)
 Metaspace       used 63203K, committed 63744K, reserved 1114112K
  class space    used 8335K, committed 8576K, reserved 1048576K
}
Event: 6.698 GC heap after
{Heap after GC invocations=19 (full 0):
 garbage-first heap   total 109568K, used 55454K [0x0000000080000000, 0x0000000100000000)
  region size 1024K, 3 young (3072K), 3 survivors (3072K)
 Metaspace       used 63203K, committed 63744K, reserved 1114112K
  class space    used 8335K, committed 8576K, reserved 1048576K
}
Event: 6.988 GC heap before
{Heap before GC invocations=20 (full 0):
 garbage-first heap   total 124928K, used 91294K [0x0000000080000000, 0x0000000100000000)
  region size 1024K, 32 young (32768K), 3 survivors (3072K)
 Metaspace       used 65148K, committed 65728K, reserved 1114112K
  class space    used 8592K, committed 8832K, reserved 1048576K
}
Event: 6.992 GC heap after
{Heap after GC invocations=21 (full 0):
 garbage-first heap   total 124928K, used 58246K [0x0000000080000000, 0x0000000100000000)
  region size 1024K, 4 young (4096K), 4 survivors (4096K)
 Metaspace       used 65148K, committed 65728K, reserved 1114112K
  class space    used 8592K, committed 8832K, reserved 1048576K
}
Event: 7.432 GC heap before
{Heap before GC invocations=21 (full 0):
 garbage-first heap   total 124928K, used 94086K [0x0000000080000000, 0x0000000100000000)
  region size 1024K, 39 young (39936K), 4 survivors (4096K)
 Metaspace       used 68923K, committed 69440K, reserved 1114112K
  class space    used 9081K, committed 9280K, reserved 1048576K
}
Event: 7.436 GC heap after
{Heap after GC invocations=22 (full 0):
 garbage-first heap   total 124928K, used 60996K [0x0000000080000000, 0x0000000100000000)
  region size 1024K, 3 young (3072K), 3 survivors (3072K)
 Metaspace       used 68923K, committed 69440K, reserved 1114112K
  class space    used 9081K, committed 9280K, reserved 1048576K
}
Event: 7.729 GC heap before
{Heap before GC invocations=22 (full 0):
 garbage-first heap   total 124928K, used 95812K [0x0000000080000000, 0x0000000100000000)
  region size 1024K, 37 young (37888K), 3 survivors (3072K)
 Metaspace       used 69997K, committed 70528K, reserved 1114112K
  class space    used 9237K, committed 9472K, reserved 1048576K
}
Event: 7.735 GC heap after
{Heap after GC invocations=23 (full 0):
 garbage-first heap   total 124928K, used 63803K [0x0000000080000000, 0x0000000100000000)
  region size 1024K, 5 young (5120K), 5 survivors (5120K)
 Metaspace       used 69997K, committed 70528K, reserved 1114112K
  class space    used 9237K, committed 9472K, reserved 1048576K
}
Event: 7.938 GC heap before
{Heap before GC invocations=24 (full 0):
 garbage-first heap   total 124928K, used 97595K [0x0000000080000000, 0x0000000100000000)
  region size 1024K, 38 young (38912K), 5 survivors (5120K)
 Metaspace       used 70320K, committed 70848K, reserved 1114112K
  class space    used 9261K, committed 9472K, reserved 1048576K
}
Event: 7.944 GC heap after
{Heap after GC invocations=25 (full 0):
 garbage-first heap   total 124928K, used 67329K [0x0000000080000000, 0x0000000100000000)
  region size 1024K, 4 young (4096K), 4 survivors (4096K)
 Metaspace       used 70320K, committed 70848K, reserved 1114112K
  class space    used 9261K, committed 9472K, reserved 1048576K
}
Event: 8.136 GC heap before
{Heap before GC invocations=25 (full 0):
 garbage-first heap   total 124928K, used 84737K [0x0000000080000000, 0x0000000100000000)
  region size 1024K, 22 young (22528K), 4 survivors (4096K)
 Metaspace       used 72251K, committed 72832K, reserved 1114112K
  class space    used 9531K, committed 9792K, reserved 1048576K
}
Event: 8.139 GC heap after
{Heap after GC invocations=26 (full 0):
 garbage-first heap   total 150528K, used 68500K [0x0000000080000000, 0x0000000100000000)
  region size 1024K, 2 young (2048K), 2 survivors (2048K)
 Metaspace       used 72251K, committed 72832K, reserved 1114112K
  class space    used 9531K, committed 9792K, reserved 1048576K
}
Event: 8.798 GC heap before
{Heap before GC invocations=26 (full 0):
 garbage-first heap   total 150528K, used 116628K [0x0000000080000000, 0x0000000100000000)
  region size 1024K, 48 young (49152K), 2 survivors (2048K)
 Metaspace       used 77304K, committed 77888K, reserved 1179648K
  class space    used 10426K, committed 10688K, reserved 1048576K
}
Event: 8.803 GC heap after
{Heap after GC invocations=27 (full 0):
 garbage-first heap   total 150528K, used 71265K [0x0000000080000000, 0x0000000100000000)
  region size 1024K, 5 young (5120K), 5 survivors (5120K)
 Metaspace       used 77304K, committed 77888K, reserved 1179648K
  class space    used 10426K, committed 10688K, reserved 1048576K
}
Event: 9.295 GC heap before
{Heap before GC invocations=27 (full 0):
 garbage-first heap   total 150528K, used 118369K [0x0000000080000000, 0x0000000100000000)
  region size 1024K, 51 young (52224K), 5 survivors (5120K)
 Metaspace       used 80304K, committed 80960K, reserved 1179648K
  class space    used 10877K, committed 11200K, reserved 1048576K
}
Event: 9.302 GC heap after
{Heap after GC invocations=28 (full 0):
 garbage-first heap   total 150528K, used 75165K [0x0000000080000000, 0x0000000100000000)
  region size 1024K, 7 young (7168K), 7 survivors (7168K)
 Metaspace       used 80304K, committed 80960K, reserved 1179648K
  class space    used 10877K, committed 11200K, reserved 1048576K
}
Event: 9.944 GC heap before
{Heap before GC invocations=28 (full 0):
 garbage-first heap   total 150528K, used 120221K [0x0000000080000000, 0x0000000100000000)
  region size 1024K, 51 young (52224K), 7 survivors (7168K)
 Metaspace       used 84425K, committed 84992K, reserved 1179648K
  class space    used 11496K, committed 11776K, reserved 1048576K
}
Event: 9.954 GC heap after
{Heap after GC invocations=29 (full 0):
 garbage-first heap   total 150528K, used 79544K [0x0000000080000000, 0x0000000100000000)
  region size 1024K, 5 young (5120K), 5 survivors (5120K)
 Metaspace       used 84425K, committed 84992K, reserved 1179648K
  class space    used 11496K, committed 11776K, reserved 1048576K
}

