# JRE version: OpenJDK Runtime Environment JBR-17.0.8+7-1000.8-nomod (17.0.8+7) (build 17.0.8+7-b1000.8)
# Java VM: OpenJDK 64-Bit Server VM JBR-17.0.8+7-1000.8-nomod (17.0.8+7-b1000.8, mixed mode, tiered, compressed oops, compressed class ptrs, g1 gc, windows-amd64)
GC Precious Log:
 CPUs: 8 total, 8 available
 Memory: 12248M
 Large Page Support: Disabled
 NUMA Support: Disabled
 Compressed Oops: Enabled (Zero based)
 Heap Region Size: 2M
 Heap Min Capacity: 8M
 Heap Initial Capacity: 192M
 Heap Max Capacity: 3064M
 Pre-touch: Disabled
 Parallel Workers: 8
 Concurrent Workers: 2
 Concurrent Refinement Workers: 8
 Periodic GC: Disabled
Heap:
 garbage-first heap   total 223232K, used 140626K [0x0000000740800000, 0x0000000800000000)
  region size 2048K, 12 young (24576K), 5 survivors (10240K)
 Metaspace       used 77993K, committed 78336K, reserved 1179648K
  class space    used 8561K, committed 8704K, reserved 1048576K
GC Heap History (20 events):
Event: 12.658 GC heap before
{Heap before GC invocations=19 (full 0):
 garbage-first heap   total 159744K, used 125921K [0x0000000740800000, 0x0000000800000000)
  region size 2048K, 27 young (55296K), 3 survivors (6144K)
 Metaspace       used 67314K, committed 67712K, reserved 1114112K
  class space    used 7622K, committed 7808K, reserved 1048576K
}
Event: 12.671 GC heap after
{Heap after GC invocations=20 (full 0):
 garbage-first heap   total 159744K, used 81018K [0x0000000740800000, 0x0000000800000000)
  region size 2048K, 2 young (4096K), 2 survivors (4096K)
 Metaspace       used 67314K, committed 67712K, reserved 1114112K
  class space    used 7622K, committed 7808K, reserved 1048576K
}
Event: 14.007 GC heap before
{Heap before GC invocations=20 (full 0):
 garbage-first heap   total 159744K, used 128122K [0x0000000740800000, 0x0000000800000000)
  region size 2048K, 25 young (51200K), 2 survivors (4096K)
 Metaspace       used 68405K, committed 68736K, reserved 1114112K
  class space    used 7719K, committed 7872K, reserved 1048576K
}
Event: 14.020 GC heap after
{Heap after GC invocations=21 (full 0):
 garbage-first heap   total 159744K, used 83825K [0x0000000740800000, 0x0000000800000000)
  region size 2048K, 4 young (8192K), 4 survivors (8192K)
 Metaspace       used 68405K, committed 68736K, reserved 1114112K
  class space    used 7719K, committed 7872K, reserved 1048576K
}
Event: 15.184 GC heap before
{Heap before GC invocations=22 (full 0):
 garbage-first heap   total 159744K, used 128881K [0x0000000740800000, 0x0000000800000000)
  region size 2048K, 26 young (53248K), 4 survivors (8192K)
 Metaspace       used 68611K, committed 68928K, reserved 1114112K
  class space    used 7723K, committed 7872K, reserved 1048576K
}
Event: 15.195 GC heap after
{Heap after GC invocations=23 (full 0):
 garbage-first heap   total 159744K, used 86736K [0x0000000740800000, 0x0000000800000000)
  region size 2048K, 4 young (8192K), 4 survivors (8192K)
 Metaspace       used 68611K, committed 68928K, reserved 1114112K
  class space    used 7723K, committed 7872K, reserved 1048576K
}
Event: 16.101 GC heap before
{Heap before GC invocations=23 (full 0):
 garbage-first heap   total 159744K, used 129744K [0x0000000740800000, 0x0000000800000000)
  region size 2048K, 25 young (51200K), 4 survivors (8192K)
 Metaspace       used 68810K, committed 69120K, reserved 1114112K
  class space    used 7725K, committed 7872K, reserved 1048576K
}
Event: 16.114 GC heap after
{Heap after GC invocations=24 (full 0):
 garbage-first heap   total 192512K, used 90096K [0x0000000740800000, 0x0000000800000000)
  region size 2048K, 4 young (8192K), 4 survivors (8192K)
 Metaspace       used 68810K, committed 69120K, reserved 1114112K
  class space    used 7725K, committed 7872K, reserved 1048576K
}
Event: 17.582 GC heap before
{Heap before GC invocations=25 (full 0):
 garbage-first heap   total 192512K, used 153584K [0x0000000740800000, 0x0000000800000000)
  region size 2048K, 35 young (71680K), 4 survivors (8192K)
 Metaspace       used 68987K, committed 69312K, reserved 1114112K
  class space    used 7729K, committed 7872K, reserved 1048576K
}
Event: 17.594 GC heap after
{Heap after GC invocations=26 (full 0):
 garbage-first heap   total 192512K, used 94352K [0x0000000740800000, 0x0000000800000000)
  region size 2048K, 4 young (8192K), 4 survivors (8192K)
 Metaspace       used 68987K, committed 69312K, reserved 1114112K
  class space    used 7729K, committed 7872K, reserved 1048576K
}
Event: 18.833 GC heap before
{Heap before GC invocations=26 (full 0):
 garbage-first heap   total 192512K, used 155792K [0x0000000740800000, 0x0000000800000000)
  region size 2048K, 34 young (69632K), 4 survivors (8192K)
 Metaspace       used 69194K, committed 69504K, reserved 1114112K
  class space    used 7736K, committed 7872K, reserved 1048576K
}
Event: 18.847 GC heap after
{Heap after GC invocations=27 (full 0):
 garbage-first heap   total 192512K, used 99328K [0x0000000740800000, 0x0000000800000000)
  region size 2048K, 5 young (10240K), 5 survivors (10240K)
 Metaspace       used 69194K, committed 69504K, reserved 1114112K
  class space    used 7736K, committed 7872K, reserved 1048576K
}
Event: 19.922 GC heap before
{Heap before GC invocations=28 (full 0):
 garbage-first heap   total 192512K, used 156672K [0x0000000740800000, 0x0000000800000000)
  region size 2048K, 33 young (67584K), 5 survivors (10240K)
 Metaspace       used 69340K, committed 69632K, reserved 1114112K
  class space    used 7744K, committed 7872K, reserved 1048576K
}
Event: 19.936 GC heap after
{Heap after GC invocations=29 (full 0):
 garbage-first heap   total 192512K, used 102534K [0x0000000740800000, 0x0000000800000000)
  region size 2048K, 4 young (8192K), 4 survivors (8192K)
 Metaspace       used 69340K, committed 69632K, reserved 1114112K
  class space    used 7744K, committed 7872K, reserved 1048576K
}
Event: 20.398 GC heap before
{Heap before GC invocations=29 (full 0):
 garbage-first heap   total 192512K, used 157830K [0x0000000740800000, 0x0000000800000000)
  region size 2048K, 31 young (63488K), 4 survivors (8192K)
 Metaspace       used 69893K, committed 70208K, reserved 1114112K
  class space    used 7773K, committed 7936K, reserved 1048576K
}
Event: 20.409 GC heap after
{Heap after GC invocations=30 (full 0):
 garbage-first heap   total 192512K, used 106606K [0x0000000740800000, 0x0000000800000000)
  region size 2048K, 4 young (8192K), 4 survivors (8192K)
 Metaspace       used 69893K, committed 70208K, reserved 1114112K
  class space    used 7773K, committed 7936K, reserved 1048576K
}
Event: 20.888 GC heap before
{Heap before GC invocations=31 (full 0):
 garbage-first heap   total 219136K, used 155758K [0x0000000740800000, 0x0000000800000000)
  region size 2048K, 28 young (57344K), 4 survivors (8192K)
 Metaspace       used 70535K, committed 70912K, reserved 1114112K
  class space    used 7840K, committed 8000K, reserved 1048576K
}
Event: 20.894 GC heap after
{Heap after GC invocations=32 (full 0):
 garbage-first heap   total 219136K, used 104779K [0x0000000740800000, 0x0000000800000000)
  region size 2048K, 1 young (2048K), 1 survivors (2048K)
 Metaspace       used 70535K, committed 70912K, reserved 1114112K
  class space    used 7840K, committed 8000K, reserved 1048576K
}
Event: 22.521 GC heap before
{Heap before GC invocations=32 (full 0):
 garbage-first heap   total 219136K, used 180555K [0x0000000740800000, 0x0000000800000000)
  region size 2048K, 38 young (77824K), 1 survivors (2048K)
 Metaspace       used 77429K, committed 77760K, reserved 1179648K
  class space    used 8501K, committed 8640K, reserved 1048576K
}
Event: 22.539 GC heap after
{Heap after GC invocations=33 (full 0):
 garbage-first heap   total 219136K, used 117159K [0x0000000740800000, 0x0000000800000000)
  region size 2048K, 5 young (10240K), 5 survivors (10240K)
 Metaspace       used 77429K, committed 77760K, reserved 1179648K
  class space    used 8501K, committed 8640K, reserved 1048576K
}

