# JRE version: OpenJDK Runtime Environment (11.0.15) (build 11.0.15+0-b2043.56-9505619)
# Java VM: OpenJDK 64-Bit Server VM (11.0.15+0-b2043.56-9505619, mixed mode, tiered, compressed oops, g1 gc, windows-amd64)
Heap:
 garbage-first heap   total 196608K, used 161880K [0x0000000080000000, 0x0000000100000000)
  region size 1024K, 50 young (51200K), 6 survivors (6144K)
 Metaspace       used 123169K, capacity 127110K, committed 130480K, reserved 1161216K
  class space    used 15821K, capacity 17307K, committed 18688K, reserved 1048576K
GC Heap History (20 events):
Event: 325.562 GC heap after
{Heap after GC invocations=31 (full 0):
 garbage-first heap   total 196608K, used 121017K [0x0000000080000000, 0x0000000100000000)
  region size 1024K, 6 young (6144K), 6 survivors (6144K)
 Metaspace       used 105766K, capacity 108771K, committed 108976K, reserved 1144832K
  class space    used 13456K, capacity 14585K, committed 14592K, reserved 1048576K
}
Event: 326.294 GC heap before
{Heap before GC invocations=32 (full 0):
 garbage-first heap   total 196608K, used 163001K [0x0000000080000000, 0x0000000100000000)
  region size 1024K, 48 young (49152K), 6 survivors (6144K)
 Metaspace       used 111552K, capacity 115210K, committed 115248K, reserved 1148928K
  class space    used 14378K, capacity 15744K, committed 15744K, reserved 1048576K
}
Event: 326.302 GC heap after
{Heap after GC invocations=33 (full 0):
 garbage-first heap   total 196608K, used 124740K [0x0000000080000000, 0x0000000100000000)
  region size 1024K, 4 young (4096K), 4 survivors (4096K)
 Metaspace       used 111552K, capacity 115210K, committed 115248K, reserved 1148928K
  class space    used 14378K, capacity 15744K, committed 15744K, reserved 1048576K
}
Event: 326.370 GC heap before
{Heap before GC invocations=33 (full 0):
 garbage-first heap   total 196608K, used 128836K [0x0000000080000000, 0x0000000100000000)
  region size 1024K, 9 young (9216K), 4 survivors (4096K)
 Metaspace       used 112867K, capacity 116570K, committed 116784K, reserved 1150976K
  class space    used 14561K, capacity 15962K, committed 16000K, reserved 1048576K
}
Event: 326.380 GC heap after
{Heap after GC invocations=34 (full 0):
 garbage-first heap   total 196608K, used 116165K [0x0000000080000000, 0x0000000100000000)
  region size 1024K, 1 young (1024K), 1 survivors (1024K)
 Metaspace       used 112867K, capacity 116570K, committed 116784K, reserved 1150976K
  class space    used 14561K, capacity 15962K, committed 16000K, reserved 1048576K
}
Event: 326.915 GC heap before
{Heap before GC invocations=34 (full 0):
 garbage-first heap   total 196608K, used 161221K [0x0000000080000000, 0x0000000100000000)
  region size 1024K, 46 young (47104K), 1 survivors (1024K)
 Metaspace       used 120266K, capacity 125000K, committed 125104K, reserved 1157120K
  class space    used 15941K, capacity 17862K, committed 17920K, reserved 1048576K
}
Event: 326.922 GC heap after
{Heap after GC invocations=35 (full 0):
 garbage-first heap   total 196608K, used 117668K [0x0000000080000000, 0x0000000100000000)
  region size 1024K, 3 young (3072K), 3 survivors (3072K)
 Metaspace       used 120266K, capacity 125000K, committed 125104K, reserved 1157120K
  class space    used 15941K, capacity 17862K, committed 17920K, reserved 1048576K
}
Event: 340.136 GC heap before
{Heap before GC invocations=36 (full 0):
 garbage-first heap   total 196608K, used 184228K [0x0000000080000000, 0x0000000100000000)
  region size 1024K, 48 young (49152K), 3 survivors (3072K)
 Metaspace       used 123590K, capacity 128333K, committed 129456K, reserved 1161216K
  class space    used 16368K, capacity 18286K, committed 18688K, reserved 1048576K
}
Event: 340.140 GC heap after
{Heap after GC invocations=37 (full 0):
 garbage-first heap   total 196608K, used 118506K [0x0000000080000000, 0x0000000100000000)
  region size 1024K, 3 young (3072K), 3 survivors (3072K)
 Metaspace       used 123590K, capacity 128333K, committed 129456K, reserved 1161216K
  class space    used 16368K, capacity 18286K, committed 18688K, reserved 1048576K
}
Event: 412.062 GC heap before
{Heap before GC invocations=37 (full 0):
 garbage-first heap   total 196608K, used 124650K [0x0000000080000000, 0x0000000100000000)
  region size 1024K, 9 young (9216K), 3 survivors (3072K)
 Metaspace       used 123663K, capacity 128369K, committed 129456K, reserved 1161216K
  class space    used 16373K, capacity 18293K, committed 18688K, reserved 1048576K
}
Event: 412.067 GC heap after
{Heap after GC invocations=38 (full 0):
 garbage-first heap   total 196608K, used 119174K [0x0000000080000000, 0x0000000100000000)
  region size 1024K, 2 young (2048K), 2 survivors (2048K)
 Metaspace       used 123663K, capacity 128369K, committed 129456K, reserved 1161216K
  class space    used 16373K, capacity 18293K, committed 18688K, reserved 1048576K
}
Event: 412.877 GC heap before
{Heap before GC invocations=38 (full 0):
 garbage-first heap   total 196608K, used 163206K [0x0000000080000000, 0x0000000100000000)
  region size 1024K, 46 young (47104K), 2 survivors (2048K)
 Metaspace       used 123961K, capacity 128766K, committed 129712K, reserved 1161216K
  class space    used 16389K, capacity 18323K, committed 18688K, reserved 1048576K
}
Event: 412.886 GC heap after
{Heap after GC invocations=39 (full 0):
 garbage-first heap   total 196608K, used 124416K [0x0000000080000000, 0x0000000100000000)
  region size 1024K, 6 young (6144K), 6 survivors (6144K)
 Metaspace       used 123961K, capacity 128766K, committed 129712K, reserved 1161216K
  class space    used 16389K, capacity 18323K, committed 18688K, reserved 1048576K
}
Event: 415.706 GC heap before
{Heap before GC invocations=39 (full 0):
 garbage-first heap   total 196608K, used 163328K [0x0000000080000000, 0x0000000100000000)
  region size 1024K, 45 young (46080K), 6 survivors (6144K)
 Metaspace       used 124220K, capacity 129073K, committed 129712K, reserved 1161216K
  class space    used 16418K, capacity 18378K, committed 18688K, reserved 1048576K
}
Event: 415.718 GC heap after
{Heap after GC invocations=40 (full 0):
 garbage-first heap   total 196608K, used 127392K [0x0000000080000000, 0x0000000100000000)
  region size 1024K, 4 young (4096K), 4 survivors (4096K)
 Metaspace       used 124220K, capacity 129073K, committed 129712K, reserved 1161216K
  class space    used 16418K, capacity 18378K, committed 18688K, reserved 1048576K
}
Event: 520.867 GC heap before
{Heap before GC invocations=41 (full 0):
 garbage-first heap   total 196608K, used 185760K [0x0000000080000000, 0x0000000100000000)
  region size 1024K, 41 young (41984K), 4 survivors (4096K)
 Metaspace       used 123016K, capacity 126963K, committed 130224K, reserved 1161216K
  class space    used 15818K, capacity 17304K, committed 18688K, reserved 1048576K
}
Event: 520.872 GC heap after
{Heap after GC invocations=42 (full 0):
 garbage-first heap   total 196608K, used 127943K [0x0000000080000000, 0x0000000100000000)
  region size 1024K, 4 young (4096K), 4 survivors (4096K)
 Metaspace       used 123016K, capacity 126963K, committed 130224K, reserved 1161216K
  class space    used 15818K, capacity 17304K, committed 18688K, reserved 1048576K
}
Event: 520.927 GC heap before
{Heap before GC invocations=42 (full 0):
 garbage-first heap   total 196608K, used 132039K [0x0000000080000000, 0x0000000100000000)
  region size 1024K, 9 young (9216K), 4 survivors (4096K)
 Metaspace       used 123016K, capacity 126963K, committed 130224K, reserved 1161216K
  class space    used 15818K, capacity 17304K, committed 18688K, reserved 1048576K
}
Event: 520.939 GC heap after
{Heap after GC invocations=43 (full 0):
 garbage-first heap   total 196608K, used 116824K [0x0000000080000000, 0x0000000100000000)
  region size 1024K, 2 young (2048K), 2 survivors (2048K)
 Metaspace       used 123016K, capacity 126963K, committed 130224K, reserved 1161216K
  class space    used 15818K, capacity 17304K, committed 18688K, reserved 1048576K
}
Event: 521.672 GC heap before
{Heap before GC invocations=43 (full 0):
 garbage-first heap   total 196608K, used 160856K [0x0000000080000000, 0x0000000100000000)
  region size 1024K, 46 young (47104K), 2 survivors (2048K)
 Metaspace       used 123169K, capacity 127110K, committed 130480K, reserved 1161216K
  class space    used 15821K, capacity 17307K, committed 18688K, reserved 1048576K
}

