# JRE version: OpenJDK Runtime Environment JBR-17.0.8+7-1000.8-nomod (17.0.8+7) (build 17.0.8+7-b1000.8)
# Java VM: OpenJDK 64-Bit Server VM JBR-17.0.8+7-1000.8-nomod (17.0.8+7-b1000.8, mixed mode, tiered, compressed oops, compressed class ptrs, g1 gc, windows-amd64)
GC Precious Log:
 CPUs: 8 total, 8 available
 Memory: 12248M
 Large Page Support: Disabled
 NUMA Support: Disabled
 Compressed Oops: Enabled (Zero based)
 Heap Region Size: 2M
 Heap Min Capacity: 8M
 Heap Initial Capacity: 192M
 Heap Max Capacity: 3064M
 Pre-touch: Disabled
 Parallel Workers: 8
 Concurrent Workers: 2
 Concurrent Refinement Workers: 8
 Periodic GC: Disabled
Heap:
 garbage-first heap   total 360448K, used 225236K [0x0000000740800000, 0x0000000800000000)
  region size 2048K, 14 young (28672K), 4 survivors (8192K)
 Metaspace       used 89446K, committed 89856K, reserved 1179648K
  class space    used 9655K, committed 9856K, reserved 1048576K
GC Heap History (20 events):
Event: 22.824 GC heap before
{Heap before GC invocations=33 (full 0):
 garbage-first heap   total 174080K, used 101909K [0x0000000740800000, 0x0000000800000000)
  region size 2048K, 4 young (8192K), 3 survivors (6144K)
 Metaspace       used 69152K, committed 69504K, reserved 1114112K
  class space    used 7735K, committed 7872K, reserved 1048576K
}
Event: 22.834 GC heap after
{Heap after GC invocations=34 (full 0):
 garbage-first heap   total 174080K, used 99003K [0x0000000740800000, 0x0000000800000000)
  region size 2048K, 1 young (2048K), 1 survivors (2048K)
 Metaspace       used 69152K, committed 69504K, reserved 1114112K
  class space    used 7735K, committed 7872K, reserved 1048576K
}
Event: 23.741 GC heap before
{Heap before GC invocations=34 (full 0):
 garbage-first heap   total 174080K, used 144059K [0x0000000740800000, 0x0000000800000000)
  region size 2048K, 23 young (47104K), 1 survivors (2048K)
 Metaspace       used 69213K, committed 69568K, reserved 1114112K
  class space    used 7736K, committed 7872K, reserved 1048576K
}
Event: 23.747 GC heap after
{Heap after GC invocations=35 (full 0):
 garbage-first heap   total 286720K, used 101376K [0x0000000740800000, 0x0000000800000000)
  region size 2048K, 2 young (4096K), 2 survivors (4096K)
 Metaspace       used 69213K, committed 69568K, reserved 1114112K
  class space    used 7736K, committed 7872K, reserved 1048576K
}
Event: 25.333 GC heap before
{Heap before GC invocations=36 (full 0):
 garbage-first heap   total 286720K, used 232448K [0x0000000740800000, 0x0000000800000000)
  region size 2048K, 66 young (135168K), 2 survivors (4096K)
 Metaspace       used 71172K, committed 71488K, reserved 1114112K
  class space    used 7920K, committed 8064K, reserved 1048576K
}
Event: 25.340 GC heap after
{Heap after GC invocations=37 (full 0):
 garbage-first heap   total 286720K, used 104611K [0x0000000740800000, 0x0000000800000000)
  region size 2048K, 4 young (8192K), 4 survivors (8192K)
 Metaspace       used 71172K, committed 71488K, reserved 1114112K
  class space    used 7920K, committed 8064K, reserved 1048576K
}
Event: 27.209 GC heap before
{Heap before GC invocations=37 (full 0):
 garbage-first heap   total 286720K, used 235683K [0x0000000740800000, 0x0000000800000000)
  region size 2048K, 68 young (139264K), 4 survivors (8192K)
 Metaspace       used 77688K, committed 78080K, reserved 1179648K
  class space    used 8544K, committed 8704K, reserved 1048576K
}
Event: 27.232 GC heap after
{Heap after GC invocations=38 (full 0):
 garbage-first heap   total 286720K, used 127126K [0x0000000740800000, 0x0000000800000000)
  region size 2048K, 9 young (18432K), 9 survivors (18432K)
 Metaspace       used 77688K, committed 78080K, reserved 1179648K
  class space    used 8544K, committed 8704K, reserved 1048576K
}
Event: 28.387 GC heap before
{Heap before GC invocations=38 (full 0):
 garbage-first heap   total 286720K, used 225430K [0x0000000740800000, 0x0000000800000000)
  region size 2048K, 57 young (116736K), 9 survivors (18432K)
 Metaspace       used 79083K, committed 79488K, reserved 1179648K
  class space    used 8654K, committed 8832K, reserved 1048576K
}
Event: 28.421 GC heap after
{Heap after GC invocations=39 (full 0):
 garbage-first heap   total 286720K, used 151552K [0x0000000740800000, 0x0000000800000000)
  region size 2048K, 8 young (16384K), 8 survivors (16384K)
 Metaspace       used 79083K, committed 79488K, reserved 1179648K
  class space    used 8654K, committed 8832K, reserved 1048576K
}
Event: 29.092 GC heap before
{Heap before GC invocations=39 (full 0):
 garbage-first heap   total 286720K, used 219136K [0x0000000740800000, 0x0000000800000000)
  region size 2048K, 41 young (83968K), 8 survivors (16384K)
 Metaspace       used 79119K, committed 79488K, reserved 1179648K
  class space    used 8654K, committed 8832K, reserved 1048576K
}
Event: 29.128 GC heap after
{Heap after GC invocations=40 (full 0):
 garbage-first heap   total 286720K, used 188416K [0x0000000740800000, 0x0000000800000000)
  region size 2048K, 6 young (12288K), 6 survivors (12288K)
 Metaspace       used 79119K, committed 79488K, reserved 1179648K
  class space    used 8654K, committed 8832K, reserved 1048576K
}
Event: 29.644 GC heap before
{Heap before GC invocations=40 (full 0):
 garbage-first heap   total 286720K, used 223232K [0x0000000740800000, 0x0000000800000000)
  region size 2048K, 23 young (47104K), 6 survivors (12288K)
 Metaspace       used 79545K, committed 79936K, reserved 1179648K
  class space    used 8678K, committed 8832K, reserved 1048576K
}
Event: 29.659 GC heap after
{Heap after GC invocations=41 (full 0):
 garbage-first heap   total 286720K, used 197632K [0x0000000740800000, 0x0000000800000000)
  region size 2048K, 3 young (6144K), 3 survivors (6144K)
 Metaspace       used 79545K, committed 79936K, reserved 1179648K
  class space    used 8678K, committed 8832K, reserved 1048576K
}
Event: 30.051 GC heap before
{Heap before GC invocations=41 (full 0):
 garbage-first heap   total 286720K, used 228352K [0x0000000740800000, 0x0000000800000000)
  region size 2048K, 19 young (38912K), 3 survivors (6144K)
 Metaspace       used 80214K, committed 80576K, reserved 1179648K
  class space    used 8729K, committed 8896K, reserved 1048576K
}
Event: 30.062 GC heap after
{Heap after GC invocations=42 (full 0):
 garbage-first heap   total 286720K, used 200704K [0x0000000740800000, 0x0000000800000000)
  region size 2048K, 1 young (2048K), 1 survivors (2048K)
 Metaspace       used 80214K, committed 80576K, reserved 1179648K
  class space    used 8729K, committed 8896K, reserved 1048576K
}
Event: 30.634 GC heap before
{Heap before GC invocations=42 (full 0):
 garbage-first heap   total 286720K, used 233472K [0x0000000740800000, 0x0000000800000000)
  region size 2048K, 17 young (34816K), 1 survivors (2048K)
 Metaspace       used 85463K, committed 85824K, reserved 1179648K
  class space    used 9380K, committed 9536K, reserved 1048576K
}
Event: 30.640 GC heap after
{Heap after GC invocations=43 (full 0):
 garbage-first heap   total 360448K, used 202320K [0x0000000740800000, 0x0000000800000000)
  region size 2048K, 2 young (4096K), 2 survivors (4096K)
 Metaspace       used 85463K, committed 85824K, reserved 1179648K
  class space    used 9380K, committed 9536K, reserved 1048576K
}
Event: 31.975 GC heap before
{Heap before GC invocations=43 (full 0):
 garbage-first heap   total 360448K, used 278096K [0x0000000740800000, 0x0000000800000000)
  region size 2048K, 39 young (79872K), 2 survivors (4096K)
 Metaspace       used 89204K, committed 89600K, reserved 1179648K
  class space    used 9647K, committed 9856K, reserved 1048576K
}
Event: 31.983 GC heap after
{Heap after GC invocations=44 (full 0):
 garbage-first heap   total 360448K, used 206804K [0x0000000740800000, 0x0000000800000000)
  region size 2048K, 4 young (8192K), 4 survivors (8192K)
 Metaspace       used 89204K, committed 89600K, reserved 1179648K
  class space    used 9647K, committed 9856K, reserved 1048576K
}

